<?xml version="1.0" encoding="UTF-8"?>
<!-- Generated by org.testng.reporters.JUnitReportReporter -->
<testsuite hostname="DESKTOP-27G4ILH" failures="0" tests="1" name="GitHubDemo" time="0.020" errors="0" timestamp="2021-12-09T15:47:26 IST" skipped="0">
  <testcase classname="GitHubDemo" name="demo1" time="0.020"/>
  <system-out/>
</testsuite> <!-- GitHubDemo -->
